<?xml version="1.0" encoding="UTF-8"?>
<testsuite name="com.grove.personalfinanceapp.domain.usecase.userprofile.UserProfileUseCaseTest" tests="2" skipped="0" failures="0" errors="0" timestamp="2026-04-15T02:34:44" hostname="DESKTOP-MTBC9NG" time="0.019">
  <properties/>
  <testcase name="update user profile returns not found when the profile does not exist" classname="com.grove.personalfinanceapp.domain.usecase.userprofile.UserProfileUseCaseTest" time="0.012"/>
  <testcase name="create user profile uses the user id as the profile id" classname="com.grove.personalfinanceapp.domain.usecase.userprofile.UserProfileUseCaseTest" time="0.007"/>
  <system-out><![CDATA[]]></system-out>
  <system-err><![CDATA[]]></system-err>
</testsuite>
