<?xml version="1.0" encoding="UTF-8"?>
<testsuite name="com.grove.personalfinanceapp.domain.usecase.preferences.PreferencesUseCaseTest" tests="1" skipped="0" failures="0" errors="0" timestamp="2026-04-15T02:34:44" hostname="DESKTOP-MTBC9NG" time="0.011">
  <properties/>
  <testcase name="save user preferences normalizes the currency code" classname="com.grove.personalfinanceapp.domain.usecase.preferences.PreferencesUseCaseTest" time="0.011"/>
  <system-out><![CDATA[]]></system-out>
  <system-err><![CDATA[]]></system-err>
</testsuite>
